[debug] [2025-11-03T15:18:45.679Z] ----------------------------------------------------------------------
[debug] [2025-11-03T15:18:45.684Z] Command:       C:\Program Files\nodejs\node.exe C:\Users\Varun Bansal\AppData\Roaming\npm\node_modules\firebase-tools\lib\bin\firebase.js init
[debug] [2025-11-03T15:18:45.685Z] CLI Version:   14.23.0
[debug] [2025-11-03T15:18:45.685Z] Platform:      win32
[debug] [2025-11-03T15:18:45.685Z] Node Version:  v24.6.0
[debug] [2025-11-03T15:18:45.685Z] Time:          Mon Nov 03 2025 20:48:45 GMT+0530 (India Standard Time)
[debug] [2025-11-03T15:18:45.685Z] ----------------------------------------------------------------------
[debug] 
[info] 
     ######## #### ########  ######## ########     ###     ######  ########
     ##        ##  ##     ## ##       ##     ##  ##   ##  ##       ##
     ######    ##  ########  ######   ########  #########  ######  ######
     ##        ##  ##    ##  ##       ##     ## ##     ##       ## ##
     ##       #### ##     ## ######## ########  ##     ##  ######  ########

You're about to initialize a Firebase project in this directory:

  C:\Users\Varun Bansal\Desktop\FrontEnd\Webpages\Spotify

[info] 
=== Project Setup
[info] 
[info] First, let's associate this project directory with a Firebase project.
[info] You can create multiple project aliases by running firebase use --add, 
[info] 
[debug] [2025-11-03T15:19:20.280Z] > command requires scopes: ["email","openid","https://www.googleapis.com/auth/cloudplatformprojects.readonly","https://www.googleapis.com/auth/firebase","https://www.googleapis.com/auth/cloud-platform"]
[debug] [2025-11-03T15:19:20.281Z] > authorizing via signed-in user (varunbansal1409@gmail.com)
[debug] [2025-11-03T15:19:20.283Z] Checked if tokens are valid: true, expires at: 1762186697598
[debug] [2025-11-03T15:19:20.283Z] Checked if tokens are valid: true, expires at: 1762186697598
[debug] [2025-11-03T15:19:20.285Z] >>> [apiv2][query] GET https://firebase.googleapis.com/v1beta1/projects pageSize=100
[debug] [2025-11-03T15:19:21.276Z] <<< [apiv2][status] GET https://firebase.googleapis.com/v1beta1/projects 200
[debug] [2025-11-03T15:19:21.277Z] <<< [apiv2][body] GET https://firebase.googleapis.com/v1beta1/projects [omitted]
[info] 
=== Hosting Setup
[debug] [2025-11-03T15:19:32.581Z] Checked if tokens are valid: true, expires at: 1762186697598
[debug] [2025-11-03T15:19:32.582Z] Checked if tokens are valid: true, expires at: 1762186697598
[debug] [2025-11-03T15:19:32.582Z] >>> [apiv2][query] GET https://firebase.googleapis.com/v1beta1/projects/spotify-vb [none]
[debug] [2025-11-03T15:19:33.151Z] <<< [apiv2][status] GET https://firebase.googleapis.com/v1beta1/projects/spotify-vb 200
[debug] [2025-11-03T15:19:33.151Z] <<< [apiv2][body] GET https://firebase.googleapis.com/v1beta1/projects/spotify-vb {"projectId":"spotify-vb","projectNumber":"422222251925","displayName":"Spotify","name":"projects/spotify-vb","resources":{"hostingSite":"spotify-vb"},"state":"ACTIVE","etag":"1_79a8b7a0-bb5a-4e3f-89ac-b2a50f93d5ba"}
[info] 
[info] Your public directory is the folder (relative to your project directory) that
[info] will contain Hosting assets to be uploaded with firebase deploy. If you
[info] have a build process for your assets, use your build's output directory.
[info] 
[debug] [2025-11-03T15:20:30.926Z] >>> [apiv2][query] GET https://www.gstatic.com/firebasejs/releases.json [none]
[debug] [2025-11-03T15:20:31.024Z] <<< [apiv2][status] GET https://www.gstatic.com/firebasejs/releases.json 200
[debug] [2025-11-03T15:20:31.025Z] <<< [apiv2][body] GET https://www.gstatic.com/firebasejs/releases.json {"current":{"version":"12.5.0","browserURL":"https://www.gstatic.com/firebasejs/12.5.0/firebase.js","packageURL":"https://www.gstatic.com/firebasejs/12.5.0/firebase.tgz"},"live":{"version":"12.5","browserURL":"https://www.gstatic.com/firebasejs/live/12.5/firebase.js","packageURL":"https://www.gstatic.com/firebasejs/live/12.5/firebase.tgz"},"components":{"ai":"https://www.gstatic.com/firebasejs/12.5.0/firebase-ai.js","analytics":"https://www.gstatic.com/firebasejs/12.5.0/firebase-analytics.js","app":"https://www.gstatic.com/firebasejs/12.5.0/firebase-app.js","app-check":"https://www.gstatic.com/firebasejs/12.5.0/firebase-app-check.js","auth":"https://www.gstatic.com/firebasejs/12.5.0/firebase-auth.js","auth/cordova":"https://www.gstatic.com/firebasejs/12.5.0/firebase-auth/cordova.js","auth/web-extension":"https://www.gstatic.com/firebasejs/12.5.0/firebase-auth/web-extension.js","functions":"https://www.gstatic.com/firebasejs/12.5.0/firebase-functions.js","firestore":"https://www.gstatic.com/firebasejs/12.5.0/firebase-firestore.js","firestore/lite":"https://www.gstatic.com/firebasejs/12.5.0/firebase-firestore/lite.js","installations":"https://www.gstatic.com/firebasejs/12.5.0/firebase-installations.js","storage":"https://www.gstatic.com/firebasejs/12.5.0/firebase-storage.js","performance":"https://www.gstatic.com/firebasejs/12.5.0/firebase-performance.js","remote-config":"https://www.gstatic.com/firebasejs/12.5.0/firebase-remote-config.js","messaging":"https://www.gstatic.com/firebasejs/12.5.0/firebase-messaging.js","messaging/sw":"https://www.gstatic.com/firebasejs/12.5.0/firebase-messaging/sw.js","database":"https://www.gstatic.com/firebasejs/12.5.0/firebase-database.js","data-connect":"https://www.gstatic.com/firebasejs/12.5.0/firebase-data-connect.js","firestore.memory":"https://www.gstatic.com/firebasejs/12.5.0/firebase-firestore.memory.js"}}
[info] i  Skipping write of public/index.html 
[info] 
[info] +  Wrote configuration info to firebase.json 
[info] +  Wrote project information to .firebaserc 
[info] +  Wrote .gitignore 
[info] 
[info] +  Firebase initialization complete! 
